/Applications/CLion.app/Contents/bin/cmake/mac/aarch64/bin/cmake -DCMAKE_BUILD_TYPE=Debug -G "Unix Makefiles" -S /Users/tand/oronyx/ornyxos -B /Users/tand/oronyx/ornyxos/cmake-build-debug
-- The CXX compiler identification is AppleClang 15.0.0.15000309
-- The ASM compiler identification is AppleClang
-- Found assembler: /Library/Developer/CommandLineTools/usr/bin/CC
-- Detecting CXX compiler ABI info
-- Detecting CXX compiler ABI info - failed
-- Check for working CXX compiler: /Library/Developer/CommandLineTools/usr/bin/CC
-- Check for working CXX compiler: /Library/Developer/CommandLineTools/usr/bin/CC - broken
CMake Error at /Applications/CLion.app/Contents/bin/cmake/mac/aarch64/share/cmake-3.29/Modules/CMakeTestCXXCompiler.cmake:73 (message):
  The C++ compiler

    "/Library/Developer/CommandLineTools/usr/bin/CC"

  is not able to compile a simple test program.

  It fails with the following output:

    Change Dir: '/Users/tand/oronyx/ornyxos/cmake-build-debug/CMakeFiles/CMakeScratch/TryCompile-vxiNpA'
    
    Run Build Command(s): /Applications/CLion.app/Contents/bin/cmake/mac/aarch64/bin/cmake -E env VERBOSE=1 /usr/bin/make -f Makefile cmTC_c1764/fast
    /Library/Developer/CommandLineTools/usr/bin/make  -f CMakeFiles/cmTC_c1764.dir/build.make CMakeFiles/cmTC_c1764.dir/build
    Building CXX object CMakeFiles/cmTC_c1764.dir/testCXXCompiler.cxx.obj
    /Library/Developer/CommandLineTools/usr/bin/CC   -fcolor-diagnostics -MD -MT CMakeFiles/cmTC_c1764.dir/testCXXCompiler.cxx.obj -MF CMakeFiles/cmTC_c1764.dir/testCXXCompiler.cxx.obj.d -o CMakeFiles/cmTC_c1764.dir/testCXXCompiler.cxx.obj -c /Users/tand/oronyx/ornyxos/cmake-build-debug/CMakeFiles/CMakeScratch/TryCompile-vxiNpA/testCXXCompiler.cxx
    Linking CXX executable cmTC_c1764
    /Applications/CLion.app/Contents/bin/cmake/mac/aarch64/bin/cmake -E cmake_link_script CMakeFiles/cmTC_c1764.dir/link.txt --verbose=1
    /Library/Developer/CommandLineTools/usr/bin/CC -L/usr/local/opt/llvm/lib  CMakeFiles/cmTC_c1764.dir/testCXXCompiler.cxx.obj -o cmTC_c1764
    ld: warning: search path '/usr/local/opt/llvm/lib' not found
    ld: library 'System' not found
    clang: error: linker command failed with exit code 1 (use -v to see invocation)
    make[1]: *** [cmTC_c1764] Error 1
    make: *** [cmTC_c1764/fast] Error 2
    
    

  

  CMake will not be able to correctly generate this project.
Call Stack (most recent call first):
  CMakeLists.txt:7 (project)


-- Configuring incomplete, errors occurred!
